
> Design System SaaS Landing Page@0.1.0 build
> next build --webpack

⚠ You are using a non-standard "NODE_ENV" value in your environment. This creates inconsistencies in the project and is strongly advised against. Read more: https://nextjs.org/docs/messages/non-standard-node-env
▲ Next.js 16.1.3 (webpack)

  Creating an optimized production build ...
✓ Compiled successfully in 5.2s
  Running TypeScript ...
  Collecting page data using 11 workers ...
  Generating static pages using 11 workers (0/3) ...
Each child in a list should have a unique "key" prop.

Check the top-level render call using <__next_viewport_boundary__>. See https://react.dev/link/warning-keys for more information.
Each child in a list should have a unique "key" prop.

Check the top-level render call using <A>. See https://react.dev/link/warning-keys for more information.
Each child in a list should have a unique "key" prop.

Check the top-level render call using <meta>. See https://react.dev/link/warning-keys for more information.
Each child in a list should have a unique "key" prop.

Check the top-level render call using <head>. See https://react.dev/link/warning-keys for more information.
Each child in a list should have a unique "key" prop.

Check the top-level render call using <meta>. See https://react.dev/link/warning-keys for more information.
Each child in a list should have a unique "key" prop.

Check the top-level render call using <html>. See https://react.dev/link/warning-keys for more information.
Each child in a list should have a unique "key" prop.

Check the top-level render call using <meta>. See https://react.dev/link/warning-keys for more information.
Each child in a list should have a unique "key" prop.

Check the top-level render call using <head>. See https://react.dev/link/warning-keys for more information.
Each child in a list should have a unique "key" prop.

Check the top-level render call using <__next_viewport_boundary__>. See https://react.dev/link/warning-keys for more information.
Each child in a list should have a unique "key" prop.

Check the top-level render call using <html>. See https://react.dev/link/warning-keys for more information.
Each child in a list should have a unique "key" prop.

Check the top-level render call using <meta>. See https://react.dev/link/warning-keys for more information.
Each child in a list should have a unique "key" prop.

Check the top-level render call using <head>. See https://react.dev/link/warning-keys for more information.
Error occurred prerendering page "/_global-error". Read more: https://nextjs.org/docs/messages/prerender-error
TypeError: Cannot read properties of null (reading 'useContext')
    at A (C:\Users\Ajzal\Downloads\Design System SaaS Landing Page\.next\server\chunks\866.js:18:59641) {
  digest: '3717336726'
}
Export encountered an error on /_global-error/page: /_global-error, exiting the build.
⨯ Next.js build worker exited with code: 1 and signal: null
