
> Design System SaaS Landing Page@0.1.0 build
> next build --webpack

⚠ You are using a non-standard "NODE_ENV" value in your environment. This creates inconsistencies in the project and is strongly advised against. Read more: https://nextjs.org/docs/messages/non-standard-node-env
▲ Next.js 16.1.3 (webpack)

  Creating an optimized production build ...
✓ Compiled successfully in 11.1s
  Running TypeScript ...
It looks like you're trying to use TypeScript but do not have the required package(s) installed.
Installing dependencies

If you are not trying to use TypeScript, please remove the tsconfig.json file from your package root (and any TypeScript files in your app and pages directories).


Installing devDependencies (npm):
- typescript
- @types/react


added 2 packages, and audited 164 packages in 12s

10 packages are looking for funding
  run `npm fund` for details

found 0 vulnerabilities


  We detected TypeScript in your project and reconfigured your tsconfig.json file for you.
  The following mandatory changes were made to your tsconfig.json:

  	- jsx was set to react-jsx (next.js uses the React automatic runtime)

Failed to compile.

./src/CodeLibraryId_3901efdbaf4218e7d7e2fae6236d498e75b9d3ba/1_1663/components/ui/accordion.tsx:4:37
Type error: Cannot find module '@radix-ui/react-accordion@1.2.3' or its corresponding type declarations.

[0m [90m 2 |[39m
 [90m 3 |[39m [36mimport[39m [33m*[39m [36mas[39m [33mReact[39m [36mfrom[39m [32m"react"[39m[33m;[39m
[31m[1m>[22m[39m[90m 4 |[39m [36mimport[39m [33m*[39m [36mas[39m [33mAccordionPrimitive[39m [36mfrom[39m [32m"@radix-ui/react-accordion@1.2.3"[39m[33m;[39m
 [90m   |[39m                                     [31m[1m^[22m[39m
 [90m 5 |[39m [36mimport[39m { [33mChevronDownIcon[39m } [36mfrom[39m [32m"lucide-react@0.487.0"[39m[33m;[39m
 [90m 6 |[39m
 [90m 7 |[39m [36mimport[39m { cn } [36mfrom[39m [32m"./utils"[39m[33m;[39m[0m
Next.js build worker exited with code: 1 and signal: null
