
> Design System SaaS Landing Page@0.1.0 build
> next build --webpack

▲ Next.js 16.1.3 (webpack)

  Creating an optimized production build ...
✓ Compiled successfully in 7.6s
  Running TypeScript ...
  Collecting page data using 11 workers ...
  Generating static pages using 11 workers (0/6) ...
  Generating static pages using 11 workers (1/6) 
  Generating static pages using 11 workers (2/6) 
  Generating static pages using 11 workers (4/6) 
✓ Generating static pages using 11 workers (6/6) in 879.2ms
  Finalizing page optimization ...
  Collecting build traces ...

Route (app)
┌ ○ /
├ ○ /_not-found
├ ○ /disclaimer
├ ○ /privacy-policy
└ ○ /terms-conditions


○  (Static)  prerendered as static content

