
> Design System SaaS Landing Page@0.1.0 build
> next build --webpack

▲ Next.js 16.1.3 (webpack)

  Creating an optimized production build ...
Failed to compile.

./src/index.css.webpack[javascript/auto]!=!./node_modules/next/dist/build/webpack/loaders/css-loader/src/index.js??ruleSet[1].rules[15].oneOf[10].use[2]!./node_modules/next/dist/build/webpack/loaders/postcss-loader/src/index.js??ruleSet[1].rules[15].oneOf[10].use[3]!./src/index.css
Error: Cannot find module 'tailwindcss-animate'
Require stack:
- C:\Users\Ajzal\Downloads\Design System SaaS Landing Page\tailwind.config.ts
    at Function.<anonymous> (node:internal/modules/cjs/loader:1249:15)
    at C:\Users\Ajzal\Downloads\Design System SaaS Landing Page\node_modules\next\dist\server\require-hook.js:57:36
    at Function.resolve (node:internal/modules/helpers:148:19)
    at _resolve (C:\Users\Ajzal\Downloads\Design System SaaS Landing Page\node_modules\jiti\dist\jiti.js:1:246378)
    at jiti (C:\Users\Ajzal\Downloads\Design System SaaS Landing Page\node_modules\jiti\dist\jiti.js:1:249092)
    at C:\Users\Ajzal\Downloads\Design System SaaS Landing Page\tailwind.config.ts:82:15
    at evalModule (C:\Users\Ajzal\Downloads\Design System SaaS Landing Page\node_modules\jiti\dist\jiti.js:1:251913)
    at jiti (C:\Users\Ajzal\Downloads\Design System SaaS Landing Page\node_modules\jiti\dist\jiti.js:1:249841)
    at C:\Users\Ajzal\Downloads\Design System SaaS Landing Page\node_modules\tailwindcss\lib\lib\load-config.js:53:30
    at loadConfig (C:\Users\Ajzal\Downloads\Design System SaaS Landing Page\node_modules\tailwindcss\lib\lib\load-config.js:55:6)

Import trace for requested module:
./src/index.css.webpack[javascript/auto]!=!./node_modules/next/dist/build/webpack/loaders/css-loader/src/index.js??ruleSet[1].rules[15].oneOf[10].use[2]!./node_modules/next/dist/build/webpack/loaders/postcss-loader/src/index.js??ruleSet[1].rules[15].oneOf[10].use[3]!./src/index.css
./src/index.css

./src/index.css
Syntax error: C:\Users\Ajzal\Downloads\Design System SaaS Landing Page\src\index.css `@layer base` is used but no matching `@tailwind base` directive is present. (126:1)

 [90m 124 | [39m[33m}[39m
 [90m 125 | [39m
[1m[31m>[39m[22m[90m 126 | [39m[36m@layer[39m base [33m{[39m
 [90m     | [39m[1m[31m^[39m[22m
 [90m 127 | [39m
 [90m 128 | [39m  *,

    at tryRunOrWebpackError (C:\Users\Ajzal\Downloads\Design System SaaS Landing Page\node_modules\next\dist\compiled\webpack\bundle5.js:29:316134)
    at __webpack_require_module__ (C:\Users\Ajzal\Downloads\Design System SaaS Landing Page\node_modules\next\dist\compiled\webpack\bundle5.js:29:131536)
    at __nested_webpack_require_161494__ (C:\Users\Ajzal\Downloads\Design System SaaS Landing Page\node_modules\next\dist\compiled\webpack\bundle5.js:29:130971)
    at C:\Users\Ajzal\Downloads\Design System SaaS Landing Page\node_modules\next\dist\compiled\webpack\bundle5.js:29:131828
    at symbolIterator (C:\Users\Ajzal\Downloads\Design System SaaS Landing Page\node_modules\next\dist\compiled\neo-async\async.js:1:14444)
    at done (C:\Users\Ajzal\Downloads\Design System SaaS Landing Page\node_modules\next\dist\compiled\neo-async\async.js:1:14824)
    at Hook.eval [as callAsync] (eval at create (C:\Users\Ajzal\Downloads\Design System SaaS Landing Page\node_modules\next\dist\compiled\webpack\bundle5.js:14:9224), <anonymous>:15:1)
    at Hook.CALL_ASYNC_DELEGATE [as _callAsync] (C:\Users\Ajzal\Downloads\Design System SaaS Landing Page\node_modules\next\dist\compiled\webpack\bundle5.js:14:6378)
    at C:\Users\Ajzal\Downloads\Design System SaaS Landing Page\node_modules\next\dist\compiled\webpack\bundle5.js:29:130691
    at symbolIterator (C:\Users\Ajzal\Downloads\Design System SaaS Landing Page\node_modules\next\dist\compiled\neo-async\async.js:1:14402)
-- inner error --
Syntax error: C:\Users\Ajzal\Downloads\Design System SaaS Landing Page\src\index.css `@layer base` is used but no matching `@tailwind base` directive is present. (126:1)

 [90m 124 | [39m[33m}[39m
 [90m 125 | [39m
[1m[31m>[39m[22m[90m 126 | [39m[36m@layer[39m base [33m{[39m
 [90m     | [39m[1m[31m^[39m[22m
 [90m 127 | [39m
 [90m 128 | [39m  *,

    at Object.<anonymous> (C:\Users\Ajzal\Downloads\Design System SaaS Landing Page\node_modules\next\dist\build\webpack\loaders\css-loader\src\index.js??ruleSet[1].rules[15].oneOf[10].use[2]!C:\Users\Ajzal\Downloads\Design System SaaS Landing Page\node_modules\next\dist\build\webpack\loaders\postcss-loader\src\index.js??ruleSet[1].rules[15].oneOf[10].use[3]!C:\Users\Ajzal\Downloads\Design System SaaS Landing Page\src\index.css:1:7)
    at C:\Users\Ajzal\Downloads\Design System SaaS Landing Page\node_modules\next\dist\compiled\webpack\bundle5.js:29:962757
    at Hook.eval [as call] (eval at create (C:\Users\Ajzal\Downloads\Design System SaaS Landing Page\node_modules\next\dist\compiled\webpack\bundle5.js:14:9002), <anonymous>:7:1)
    at Hook.CALL_DELEGATE [as _call] (C:\Users\Ajzal\Downloads\Design System SaaS Landing Page\node_modules\next\dist\compiled\webpack\bundle5.js:14:6272)
    at C:\Users\Ajzal\Downloads\Design System SaaS Landing Page\node_modules\next\dist\compiled\webpack\bundle5.js:29:131569
    at tryRunOrWebpackError (C:\Users\Ajzal\Downloads\Design System SaaS Landing Page\node_modules\next\dist\compiled\webpack\bundle5.js:29:316088)
    at __webpack_require_module__ (C:\Users\Ajzal\Downloads\Design System SaaS Landing Page\node_modules\next\dist\compiled\webpack\bundle5.js:29:131536)
    at __nested_webpack_require_161494__ (C:\Users\Ajzal\Downloads\Design System SaaS Landing Page\node_modules\next\dist\compiled\webpack\bundle5.js:29:130971)
    at C:\Users\Ajzal\Downloads\Design System SaaS Landing Page\node_modules\next\dist\compiled\webpack\bundle5.js:29:131828
    at symbolIterator (C:\Users\Ajzal\Downloads\Design System SaaS Landing Page\node_modules\next\dist\compiled\neo-async\async.js:1:14444)

Generated code for C:\Users\Ajzal\Downloads\Design System SaaS Landing Page\node_modules\next\dist\build\webpack\loaders\css-loader\src\index.js??ruleSet[1].rules[15].oneOf[10].use[2]!C:\Users\Ajzal\Downloads\Design System SaaS Landing Page\node_modules\next\dist\build\webpack\loaders\postcss-loader\src\index.js??ruleSet[1].rules[15].oneOf[10].use[3]!C:\Users\Ajzal\Downloads\Design System SaaS Landing Page\src\index.css

Import trace for requested module:
./src/index.css


> Build failed because of webpack errors
